<?xml version="1.0" encoding="UTF-8"?>
<testsuite xmlns:xsi="http://www.w3.org/2001/XMLSchema-instance" xsi:noNamespaceSchemaLocation="https://maven.apache.org/surefire/maven-surefire-plugin/xsd/surefire-test-report-3.0.xsd" version="3.0" name="com.ceshiren.contacts.GetTokenApiTest" time="0.339" tests="1" errors="0" skipped="0" failures="0">
  <properties>
[...]
</properties>
  <testcase name="getToken" classname="com.ceshiren.contacts.GetTokenApiTest" time="0.335">
    <system-out><![CDATA[2024-08-29 22:01:14  &amp#27;[34m&amp#27;[0;39mINFO  &amp#27;[35m[main]&amp#27;[0;39m &amp#27;[33mcom.ceshiren.api.BaseApi.getToken(GetTokenApi.java:32)&amp#27;[0;39m -- 调用GetTokenAPI
2024-08-29 22:01:14  &amp#27;[34m&amp#27;[0;39mINFO  &amp#27;[35m[main]&amp#27;[0;39m &amp#27;[33mcom.ceshiren.api.BaseApi.getToken(GetTokenApi.java:38)&amp#27;[0;39m -- token解析对象为：{master={contacts={corpid=wwb24e6fe4d7d1c71a, corpsecret=yIhI9TMNunyO38XkFESwsGu-zbihqbsdmfn38Rfz3Ck}, contacts2={corpid=1wwecb0ab2da18a7c3b, corpsecret=16Yg1wwQ_gZIUTXezXfVtnbSfD01619-jo1LpopQT7w0}, sendMessage={corpid=wwecb0ab2da18a7c3b, corpsecret=Qpj8Te-MJirkiBGxQafctksBFYEkW07Xuy7CQPiyCKM}}, dev={contacts={corpid=wwecb0ab2da18a7c3b0, corpsecret=6Yg1wwQ_gZIUTXezXfVtnbSfD01619-jo1LpopQT7w0}, sendMessage={corpid=wwecb0ab2da18a7c3b, corpsecret=Qpj8Te-MJirkiBGxQafctksBFYEkW07Xuy7CQPiyCKM}}, qa={contacts={corpid=wwecb0ab2da18a7c3b, corpsecret=6Yg1wwQ_gZIUTXezXfVtnbSfD01619-jo1LpopQT7w0}, sendMessage={corpid=wwecb0ab2da18a7c3b, corpsecret=Qpj8Te-MJirkiBGxQafctksBFYEkW07Xuy7CQPiyCKM}}}
2024-08-29 22:01:14  &amp#27;[34m&amp#27;[0;39mINFO  &amp#27;[35m[main]&amp#27;[0;39m &amp#27;[33mcom.ceshiren.api.BaseApi.run(BaseApi.java:80)&amp#27;[0;39m -- GET请求
Request method:	GET
Request URI:	https://qyapi.weixin.qq.com/cgi-bin/gettoken?corpid=wwb24e6fe4d7d1c71a&corpsecret=yIhI9TMNunyO38XkFESwsGu-zbihqbsdmfn38Rfz3Ck
Proxy:			<none>
Request params:	<none>
Query params:	corpid=wwb24e6fe4d7d1c71a
				corpsecret=yIhI9TMNunyO38XkFESwsGu-zbihqbsdmfn38Rfz3Ck
Form params:	<none>
Path params:	<none>
Headers:		Accept=*/*
Cookies:		<none>
Multiparts:		<none>
Body:			<none>
HTTP/1.1 200 OK
Date: Thu, 29 Aug 2024 14:02:07 GMT
Content-Type: application/json; charset=UTF-8
Content-Length: 277
Connection: keep-alive
Server: nginx
Error-Code: 0
Error-Msg: ok
X-W-No: 5

{
    "errcode": 0,
    "errmsg": "ok",
    "access_token": "inXEzrO2mYZU4l0NjetS1BnJP-d49FG115xIbKtI4zjolapDCuqAK8kNk__2EeL6aZ3xUWW0JQbWF7M4_Zo9yIf8reKl8_xVqirzDspjskCdgNd6w3Scfn7j1XdSJok5rSeHHiaG7-nWwERyRl0_oyxgoRxAzBLl-nNN9JUzcdSU7zVrmKwopaagEiFLqPAchyfWURxy3p1Se3se1F0IwQ",
    "expires_in": 7200
}
2024-08-29 22:01:14  &amp#27;[34m&amp#27;[0;39mINFO  &amp#27;[35m[main]&amp#27;[0;39m &amp#27;[33mcom.ceshiren.contacts.GetTokenApiTest.getToken(GetTokenApiTest.java:26)&amp#27;[0;39m -- access_token:inXEzrO2mYZU4l0NjetS1BnJP-d49FG115xIbKtI4zjolapDCuqAK8kNk__2EeL6aZ3xUWW0JQbWF7M4_Zo9yIf8reKl8_xVqirzDspjskCdgNd6w3Scfn7j1XdSJok5rSeHHiaG7-nWwERyRl0_oyxgoRxAzBLl-nNN9JUzcdSU7zVrmKwopaagEiFLqPAchyfWURxy3p1Se3se1F0IwQ
]]></system-out>
  </testcase>
</testsuite>